2025-05-20 13:21:31.792 | main | INFO  | com.llf.TliasWebManagementApplication - Starting TliasWebManagementApplication using Java 17.0.9 with PID 12072 (D:\交易帮\后端源码\web-ai-project01\tlias-web-management\target\classes started by 梁骆富 in D:\交易帮\后端源码\web-ai-project01)
2025-05-20 13:21:31.794 | main | INFO  | com.llf.TliasWebManagementApplication - No active profile set, falling back to 1 default profile: "default"
2025-05-20 13:21:32.861 | main | INFO  | org.apache.coyote.http11.Http11NioProtocol - Initializing ProtocolHandler ["http-nio-8081"]
2025-05-20 13:21:32.862 | main | INFO  | org.apache.catalina.core.StandardService - Starting service [Tomcat]
2025-05-20 13:21:32.862 | main | INFO  | org.apache.catalina.core.StandardEngine - Starting Servlet engine: [Apache Tomcat/10.1.34]
2025-05-20 13:21:32.929 | main | INFO  | o.a.c.core.ContainerBase.[Tomcat].[localhost].[/] - Initializing Spring embedded WebApplicationContext
2025-05-20 13:21:33.748 | main | INFO  | org.apache.coyote.http11.Http11NioProtocol - Starting ProtocolHandler ["http-nio-8081"]
2025-05-20 13:21:33.770 | main | INFO  | com.llf.TliasWebManagementApplication - Started TliasWebManagementApplication in 2.312 seconds (process running for 2.83)
2025-05-20 13:21:40.670 | main | INFO  | com.llf.TliasWebManagementApplication - Starting TliasWebManagementApplication using Java 17.0.9 with PID 14284 (D:\交易帮\后端源码\web-ai-project01\tlias-web-management\target\classes started by 梁骆富 in D:\交易帮\后端源码\web-ai-project01)
2025-05-20 13:21:40.672 | main | INFO  | com.llf.TliasWebManagementApplication - No active profile set, falling back to 1 default profile: "default"
2025-05-20 13:21:41.672 | main | INFO  | org.apache.coyote.http11.Http11NioProtocol - Initializing ProtocolHandler ["http-nio-8081"]
2025-05-20 13:21:41.673 | main | INFO  | org.apache.catalina.core.StandardService - Starting service [Tomcat]
2025-05-20 13:21:41.673 | main | INFO  | org.apache.catalina.core.StandardEngine - Starting Servlet engine: [Apache Tomcat/10.1.34]
2025-05-20 13:21:41.738 | main | INFO  | o.a.c.core.ContainerBase.[Tomcat].[localhost].[/] - Initializing Spring embedded WebApplicationContext
2025-05-20 13:21:42.500 | main | INFO  | org.apache.coyote.http11.Http11NioProtocol - Starting ProtocolHandler ["http-nio-8081"]
2025-05-20 13:21:42.527 | main | INFO  | com.llf.TliasWebManagementApplication - Started TliasWebManagementApplication in 2.131 seconds (process running for 2.526)
2025-05-20 13:22:19.470 | http-nio-8081-exec-2 | INFO  | o.a.c.core.ContainerBase.[Tomcat].[localhost].[/] - Initializing Spring DispatcherServlet 'dispatcherServlet'
2025-05-20 13:22:19.563 | http-nio-8081-exec-2 | INFO  | com.llf.interceptor.TokenInterceptor - Interceptor令牌非法
2025-05-20 13:22:19.563 | http-nio-8081-exec-1 | INFO  | com.llf.interceptor.TokenInterceptor - Interceptor令牌非法
2025-05-20 13:22:32.063 | http-nio-8081-exec-3 | INFO  | com.llf.controller.LoginInfoController - 登录Emp{id=null, username='shinaian', password='123456', name='null', gender=null, phone='null', job=null, salary=null, image='null', entryDate=null, deptId=null, createTime=null, updateTime=null, deptName='null', exprList=null}
2025-05-20 13:22:32.102 | http-nio-8081-exec-3 | INFO  | com.zaxxer.hikari.HikariDataSource - HikariPool-1 - Starting...
2025-05-20 13:22:32.450 | http-nio-8081-exec-3 | INFO  | com.zaxxer.hikari.pool.HikariPool - HikariPool-1 - Added connection com.mysql.cj.jdbc.ConnectionImpl@7ff48b16
2025-05-20 13:22:32.451 | http-nio-8081-exec-3 | INFO  | com.zaxxer.hikari.HikariDataSource - HikariPool-1 - Start completed.
2025-05-20 13:22:32.535 | http-nio-8081-exec-3 | INFO  | com.llf.aop.RecordTimeAspect - 方法Result com.llf.controller.LoginInfoController.login(Emp)执行耗时:472ms
2025-05-20 13:22:32.539 | http-nio-8081-exec-3 | INFO  | com.llf.aop.RecordTimeAspect - 记录操作日志：OperateLog(id=null, operateEmpName=null, operateTime=2025-05-20T13:22:32.539262800, className=com.llf.controller.LoginInfoController, methodName=login, methodParams=[Emp{id=null, username='shinaian', password='123456', name='null', gender=null, phone='null', job=null, salary=null, image='null', entryDate=null, deptId=null, createTime=null, updateTime=null, deptName='null', exprList=null}], returnValue=com.llf.pojo.Result@2e2ed4b, costTime=472)
2025-05-20 13:22:35.362 | http-nio-8081-exec-4 | INFO  | com.llf.interceptor.TokenInterceptor - Interceptor拦截到的id为:1
2025-05-20 13:22:35.362 | http-nio-8081-exec-5 | INFO  | com.llf.interceptor.TokenInterceptor - Interceptor拦截到的id为:1
2025-05-20 13:22:35.362 | http-nio-8081-exec-4 | INFO  | com.llf.interceptor.TokenInterceptor - Interceptor令牌合法，放行
2025-05-20 13:22:35.362 | http-nio-8081-exec-5 | INFO  | com.llf.interceptor.TokenInterceptor - Interceptor令牌合法，放行
2025-05-20 13:22:35.372 | http-nio-8081-exec-5 | INFO  | com.llf.aop.RecordTimeAspect - 方法Result com.llf.controller.ReportController.studentDegreeData()执行耗时:9ms
2025-05-20 13:22:35.374 | http-nio-8081-exec-4 | INFO  | com.llf.aop.RecordTimeAspect - 方法Result com.llf.controller.ReportController.studentCountData()执行耗时:11ms
2025-05-20 13:22:35.374 | http-nio-8081-exec-5 | INFO  | com.llf.aop.RecordTimeAspect - 记录操作日志：OperateLog(id=null, operateEmpName=施耐庵, operateTime=2025-05-20T13:22:35.374365400, className=com.llf.controller.ReportController, methodName=studentDegreeData, methodParams=[], returnValue=com.llf.pojo.Result@39b39209, costTime=9)
2025-05-20 13:22:35.375 | http-nio-8081-exec-4 | INFO  | com.llf.aop.RecordTimeAspect - 记录操作日志：OperateLog(id=null, operateEmpName=施耐庵, operateTime=2025-05-20T13:22:35.375780100, className=com.llf.controller.ReportController, methodName=studentCountData, methodParams=[], returnValue=com.llf.pojo.Result@bc8f60a, costTime=11)
2025-05-20 13:22:35.378 | http-nio-8081-exec-5 | INFO  | com.llf.interceptor.TokenInterceptor - Interceptor请求处理完毕
2025-05-20 13:22:35.381 | http-nio-8081-exec-4 | INFO  | com.llf.interceptor.TokenInterceptor - Interceptor请求处理完毕
2025-05-20 13:22:36.402 | http-nio-8081-exec-6 | INFO  | com.llf.interceptor.TokenInterceptor - Interceptor拦截到的id为:1
2025-05-20 13:22:36.402 | http-nio-8081-exec-6 | INFO  | com.llf.interceptor.TokenInterceptor - Interceptor令牌合法，放行
2025-05-20 13:22:36.476 | http-nio-8081-exec-6 | INFO  | com.llf.service.impl.OperateLogServiceImpl - 查询内容结果是:Page{count=true, pageNum=1, pageSize=15, startRow=0, endRow=15, total=83, pages=6, reasonable=false, pageSizeZero=false}[OperateLog(id=1, operateEmpName=null, operateTime=2025-05-11T16:07:19, className=com.llf.controller.LoginInfoController, methodName=login, methodParams=[Emp{id=null, username='shinaian', password='123456', name='null', gender=null, phone='null', job=null, salary=null, image='null', entryDate=null, deptId=null, createTime=null, updateTime=null, deptName='null', exprList=null}], returnValue=com.llf.pojo.Result@5496774b, costTime=13), OperateLog(id=2, operateEmpName=null, operateTime=2025-05-11T16:07:22, className=com.llf.controller.EmpController, methodName=allEmpList, methodParams=[], returnValue=com.llf.pojo.Result@7c561492, costTime=5), OperateLog(id=3, operateEmpName=null, operateTime=2025-05-11T16:07:22, className=com.llf.controller.ClazzController, methodName=getClazz, methodParams=[ClazzQueryParam{name='', begin=null, end=null, page=1, pageSize=10}], returnValue=com.llf.pojo.Result@1a67b87c, costTime=109), OperateLog(id=4, operateEmpName=null, operateTime=2025-05-11T16:07:23, className=com.llf.controller.ClazzController, methodName=list, methodParams=[], returnValue=com.llf.pojo.Result@57d98b8b, costTime=16), OperateLog(id=5, operateEmpName=null, operateTime=2025-05-11T16:07:24, className=com.llf.controller.StudentController, methodName=studentPage, methodParams=[StudentQueryParam(name=, degree=null, clazzId=null, page=1, pageSize=10)], returnValue=com.llf.pojo.Result@67f21bbd, costTime=50), OperateLog(id=6, operateEmpName=null, operateTime=2025-05-11T16:07:25, className=com.llf.controller.DeptController, methodName=list, methodParams=[], returnValue=com.llf.pojo.Result@43cd3174, costTime=8), OperateLog(id=7, operateEmpName=null, operateTime=2025-05-11T16:07:26, className=com.llf.controller.DeptController, methodName=list, methodParams=[], returnValue=com.llf.pojo.Result@26e84d85, costTime=6), OperateLog(id=8, operateEmpName=null, operateTime=2025-05-11T16:07:26, className=com.llf.controller.EmpController, methodName=page, methodParams=[EepQueryParam{name='', gender=null, begin=null, end=null, page=1, pageSize=10}], returnValue=com.llf.pojo.Result@dc32c8f, costTime=16), OperateLog(id=9, operateEmpName=null, operateTime=2025-05-11T16:07:29, className=com.llf.controller.ReportController, methodName=getEmpJobDate, methodParams=[], returnValue=com.llf.pojo.Result@48792a83, costTime=3), OperateLog(id=10, operateEmpName=null, operateTime=2025-05-11T16:07:29, className=com.llf.controller.ReportController, methodName=getEmpGenderData, methodParams=[], returnValue=com.llf.pojo.Result@71355f8, costTime=3), OperateLog(id=11, operateEmpName=null, operateTime=2025-05-11T16:07:32, className=com.llf.controller.ReportController, methodName=studentDegreeData, methodParams=[], returnValue=com.llf.pojo.Result@547ad727, costTime=2), OperateLog(id=12, operateEmpName=null, operateTime=2025-05-11T16:07:32, className=com.llf.controller.ReportController, methodName=studentCountData, methodParams=[], returnValue=com.llf.pojo.Result@47a8721b, costTime=3), OperateLog(id=13, operateEmpName=null, operateTime=2025-05-11T16:07:34, className=com.llf.controller.ReportController, methodName=studentCountData, methodParams=[], returnValue=com.llf.pojo.Result@35f76242, costTime=2), OperateLog(id=14, operateEmpName=null, operateTime=2025-05-11T16:07:34, className=com.llf.controller.ReportController, methodName=studentDegreeData, methodParams=[], returnValue=com.llf.pojo.Result@31c8a629, costTime=4), OperateLog(id=15, operateEmpName=null, operateTime=2025-05-11T16:08:18, className=com.llf.controller.ReportController, methodName=studentDegreeData, methodParams=[], returnValue=com.llf.pojo.Result@f07d80f, costTime=214)]
2025-05-20 13:22:36.484 | http-nio-8081-exec-6 | INFO  | com.llf.interceptor.TokenInterceptor - Interceptor请求处理完毕
2025-05-20 13:44:21.257 | SpringApplicationShutdownHook | INFO  | com.zaxxer.hikari.HikariDataSource - HikariPool-1 - Shutdown initiated...
2025-05-20 13:44:21.268 | SpringApplicationShutdownHook | INFO  | com.zaxxer.hikari.HikariDataSource - HikariPool-1 - Shutdown completed.
2025-05-20 14:05:47.987 | main | INFO  | com.llf.TliasWebManagementApplication - Starting TliasWebManagementApplication using Java 17.0.9 with PID 21792 (D:\交易帮\后端源码\web-ai-project01\tlias-web-management\target\classes started by 梁骆富 in D:\交易帮\后端源码\web-ai-project01)
2025-05-20 14:05:47.989 | main | INFO  | com.llf.TliasWebManagementApplication - No active profile set, falling back to 1 default profile: "default"
2025-05-20 14:05:49.119 | main | INFO  | org.apache.coyote.http11.Http11NioProtocol - Initializing ProtocolHandler ["http-nio-8081"]
2025-05-20 14:05:49.121 | main | INFO  | org.apache.catalina.core.StandardService - Starting service [Tomcat]
2025-05-20 14:05:49.121 | main | INFO  | org.apache.catalina.core.StandardEngine - Starting Servlet engine: [Apache Tomcat/10.1.34]
2025-05-20 14:05:49.194 | main | INFO  | o.a.c.core.ContainerBase.[Tomcat].[localhost].[/] - Initializing Spring embedded WebApplicationContext
2025-05-20 14:05:50.240 | main | INFO  | org.apache.coyote.http11.Http11NioProtocol - Starting ProtocolHandler ["http-nio-8081"]
2025-05-20 14:05:50.269 | main | INFO  | com.llf.TliasWebManagementApplication - Started TliasWebManagementApplication in 2.636 seconds (process running for 3.188)
2025-05-20 14:05:55.415 | http-nio-8081-exec-1 | INFO  | o.a.c.core.ContainerBase.[Tomcat].[localhost].[/] - Initializing Spring DispatcherServlet 'dispatcherServlet'
2025-05-20 14:05:55.482 | http-nio-8081-exec-1 | INFO  | com.llf.interceptor.TokenInterceptor - Interceptor拦截到的id为:1
2025-05-20 14:05:55.482 | http-nio-8081-exec-1 | INFO  | com.llf.interceptor.TokenInterceptor - Interceptor令牌合法，放行
2025-05-20 14:05:55.553 | http-nio-8081-exec-1 | INFO  | com.zaxxer.hikari.HikariDataSource - HikariPool-1 - Starting...
2025-05-20 14:05:55.798 | http-nio-8081-exec-1 | INFO  | com.zaxxer.hikari.pool.HikariPool - HikariPool-1 - Added connection com.mysql.cj.jdbc.ConnectionImpl@278fe324
2025-05-20 14:05:55.799 | http-nio-8081-exec-1 | INFO  | com.zaxxer.hikari.HikariDataSource - HikariPool-1 - Start completed.
2025-05-20 14:05:55.866 | http-nio-8081-exec-1 | INFO  | com.llf.service.impl.OperateLogServiceImpl - 查询内容结果是:Page{count=true, pageNum=1, pageSize=15, startRow=0, endRow=15, total=83, pages=6, reasonable=false, pageSizeZero=false}[OperateLog(id=1, operateEmpName=null, operateTime=2025-05-11T16:07:19, className=com.llf.controller.LoginInfoController, methodName=login, methodParams=[Emp{id=null, username='shinaian', password='123456', name='null', gender=null, phone='null', job=null, salary=null, image='null', entryDate=null, deptId=null, createTime=null, updateTime=null, deptName='null', exprList=null}], returnValue=com.llf.pojo.Result@5496774b, costTime=13), OperateLog(id=2, operateEmpName=null, operateTime=2025-05-11T16:07:22, className=com.llf.controller.EmpController, methodName=allEmpList, methodParams=[], returnValue=com.llf.pojo.Result@7c561492, costTime=5), OperateLog(id=3, operateEmpName=null, operateTime=2025-05-11T16:07:22, className=com.llf.controller.ClazzController, methodName=getClazz, methodParams=[ClazzQueryParam{name='', begin=null, end=null, page=1, pageSize=10}], returnValue=com.llf.pojo.Result@1a67b87c, costTime=109), OperateLog(id=4, operateEmpName=null, operateTime=2025-05-11T16:07:23, className=com.llf.controller.ClazzController, methodName=list, methodParams=[], returnValue=com.llf.pojo.Result@57d98b8b, costTime=16), OperateLog(id=5, operateEmpName=null, operateTime=2025-05-11T16:07:24, className=com.llf.controller.StudentController, methodName=studentPage, methodParams=[StudentQueryParam(name=, degree=null, clazzId=null, page=1, pageSize=10)], returnValue=com.llf.pojo.Result@67f21bbd, costTime=50), OperateLog(id=6, operateEmpName=null, operateTime=2025-05-11T16:07:25, className=com.llf.controller.DeptController, methodName=list, methodParams=[], returnValue=com.llf.pojo.Result@43cd3174, costTime=8), OperateLog(id=7, operateEmpName=null, operateTime=2025-05-11T16:07:26, className=com.llf.controller.DeptController, methodName=list, methodParams=[], returnValue=com.llf.pojo.Result@26e84d85, costTime=6), OperateLog(id=8, operateEmpName=null, operateTime=2025-05-11T16:07:26, className=com.llf.controller.EmpController, methodName=page, methodParams=[EepQueryParam{name='', gender=null, begin=null, end=null, page=1, pageSize=10}], returnValue=com.llf.pojo.Result@dc32c8f, costTime=16), OperateLog(id=9, operateEmpName=null, operateTime=2025-05-11T16:07:29, className=com.llf.controller.ReportController, methodName=getEmpJobDate, methodParams=[], returnValue=com.llf.pojo.Result@48792a83, costTime=3), OperateLog(id=10, operateEmpName=null, operateTime=2025-05-11T16:07:29, className=com.llf.controller.ReportController, methodName=getEmpGenderData, methodParams=[], returnValue=com.llf.pojo.Result@71355f8, costTime=3), OperateLog(id=11, operateEmpName=null, operateTime=2025-05-11T16:07:32, className=com.llf.controller.ReportController, methodName=studentDegreeData, methodParams=[], returnValue=com.llf.pojo.Result@547ad727, costTime=2), OperateLog(id=12, operateEmpName=null, operateTime=2025-05-11T16:07:32, className=com.llf.controller.ReportController, methodName=studentCountData, methodParams=[], returnValue=com.llf.pojo.Result@47a8721b, costTime=3), OperateLog(id=13, operateEmpName=null, operateTime=2025-05-11T16:07:34, className=com.llf.controller.ReportController, methodName=studentCountData, methodParams=[], returnValue=com.llf.pojo.Result@35f76242, costTime=2), OperateLog(id=14, operateEmpName=null, operateTime=2025-05-11T16:07:34, className=com.llf.controller.ReportController, methodName=studentDegreeData, methodParams=[], returnValue=com.llf.pojo.Result@31c8a629, costTime=4), OperateLog(id=15, operateEmpName=null, operateTime=2025-05-11T16:08:18, className=com.llf.controller.ReportController, methodName=studentDegreeData, methodParams=[], returnValue=com.llf.pojo.Result@f07d80f, costTime=214)]
2025-05-20 14:05:55.916 | http-nio-8081-exec-1 | INFO  | com.llf.interceptor.TokenInterceptor - Interceptor请求处理完毕
2025-05-20 14:06:06.938 | http-nio-8081-exec-2 | INFO  | com.llf.interceptor.TokenInterceptor - Interceptor拦截到的id为:1
2025-05-20 14:06:06.938 | http-nio-8081-exec-2 | INFO  | com.llf.interceptor.TokenInterceptor - Interceptor令牌合法，放行
2025-05-20 14:06:06.949 | http-nio-8081-exec-2 | INFO  | com.llf.service.impl.OperateLogServiceImpl - 查询内容结果是:Page{count=true, pageNum=6, pageSize=15, startRow=75, endRow=90, total=83, pages=6, reasonable=false, pageSizeZero=false}[OperateLog(id=76, operateEmpName=小李广, operateTime=2025-05-13T14:15:13, className=com.llf.controller.ClazzController, methodName=addClazz, methodParams=[Clazz(id=null, name=JavaWeb就业版123期, room=2101, beginDate=2025-05-14, endDate=2027-06-30, masterId=null, subject=1, createTime=2025-05-13T14:15:13.183892900, updateTime=2025-05-13T14:15:13.183892900, masterName=null, status=null)], returnValue=com.llf.pojo.Result@54c07284, costTime=6), OperateLog(id=77, operateEmpName=小李广, operateTime=2025-05-13T14:15:13, className=com.llf.controller.ClazzController, methodName=getClazz, methodParams=[ClazzQueryParam{name='', begin=null, end=null, page=1, pageSize=10}], returnValue=com.llf.pojo.Result@9c275c4, costTime=24), OperateLog(id=78, operateEmpName=小李广, operateTime=2025-05-13T14:15:16, className=com.llf.controller.ClazzController, methodName=list, methodParams=[], returnValue=com.llf.pojo.Result@3c039bc0, costTime=38), OperateLog(id=79, operateEmpName=小李广, operateTime=2025-05-13T14:15:16, className=com.llf.controller.StudentController, methodName=studentPage, methodParams=[StudentQueryParam(name=, degree=null, clazzId=null, page=1, pageSize=10)], returnValue=com.llf.pojo.Result@6ee9dfce, costTime=80), OperateLog(id=80, operateEmpName=小李广, operateTime=2025-05-13T14:15:18, className=com.llf.controller.StudentController, methodName=studentPage, methodParams=[StudentQueryParam(name=, degree=null, clazzId=null, page=2, pageSize=10)], returnValue=com.llf.pojo.Result@3c3c3caa, costTime=20), OperateLog(id=81, operateEmpName=null, operateTime=2025-05-20T13:22:33, className=com.llf.controller.LoginInfoController, methodName=login, methodParams=[Emp{id=null, username='shinaian', password='123456', name='null', gender=null, phone='null', job=null, salary=null, image='null', entryDate=null, deptId=null, createTime=null, updateTime=null, deptName='null', exprList=null}], returnValue=com.llf.pojo.Result@2e2ed4b, costTime=472), OperateLog(id=82, operateEmpName=施耐庵, operateTime=2025-05-20T13:22:35, className=com.llf.controller.ReportController, methodName=studentDegreeData, methodParams=[], returnValue=com.llf.pojo.Result@39b39209, costTime=9), OperateLog(id=83, operateEmpName=施耐庵, operateTime=2025-05-20T13:22:35, className=com.llf.controller.ReportController, methodName=studentCountData, methodParams=[], returnValue=com.llf.pojo.Result@bc8f60a, costTime=11)]
2025-05-20 14:06:06.950 | http-nio-8081-exec-2 | INFO  | com.llf.interceptor.TokenInterceptor - Interceptor请求处理完毕
2025-05-20 14:06:48.899 | SpringApplicationShutdownHook | INFO  | com.zaxxer.hikari.HikariDataSource - HikariPool-1 - Shutdown initiated...
2025-05-20 14:06:48.906 | SpringApplicationShutdownHook | INFO  | com.zaxxer.hikari.HikariDataSource - HikariPool-1 - Shutdown completed.
2025-05-20 14:16:50.108 | main | INFO  | com.llf.TliasWebManagementApplication - Starting TliasWebManagementApplication using Java 17.0.9 with PID 3720 (D:\交易帮\后端源码\web-ai-project01\tlias-web-management\target\classes started by 梁骆富 in D:\交易帮\后端源码\web-ai-project01)
2025-05-20 14:16:50.110 | main | INFO  | com.llf.TliasWebManagementApplication - No active profile set, falling back to 1 default profile: "default"
2025-05-20 14:16:51.289 | main | INFO  | org.apache.coyote.http11.Http11NioProtocol - Initializing ProtocolHandler ["http-nio-8081"]
2025-05-20 14:16:51.294 | main | INFO  | org.apache.catalina.core.StandardService - Starting service [Tomcat]
2025-05-20 14:16:51.294 | main | INFO  | org.apache.catalina.core.StandardEngine - Starting Servlet engine: [Apache Tomcat/10.1.34]
2025-05-20 14:16:51.358 | main | INFO  | o.a.c.core.ContainerBase.[Tomcat].[localhost].[/] - Initializing Spring embedded WebApplicationContext
2025-05-20 14:16:52.166 | main | INFO  | org.apache.coyote.http11.Http11NioProtocol - Starting ProtocolHandler ["http-nio-8081"]
2025-05-20 14:16:52.188 | main | INFO  | com.llf.TliasWebManagementApplication - Started TliasWebManagementApplication in 2.41 seconds (process running for 2.978)
2025-05-20 14:16:56.926 | http-nio-8081-exec-1 | INFO  | o.a.c.core.ContainerBase.[Tomcat].[localhost].[/] - Initializing Spring DispatcherServlet 'dispatcherServlet'
2025-05-20 14:16:56.989 | http-nio-8081-exec-1 | INFO  | com.llf.interceptor.TokenInterceptor - Interceptor拦截到的id为:1
2025-05-20 14:16:56.989 | http-nio-8081-exec-1 | INFO  | com.llf.interceptor.TokenInterceptor - Interceptor令牌合法，放行
2025-05-20 14:16:57.064 | http-nio-8081-exec-1 | INFO  | com.zaxxer.hikari.HikariDataSource - HikariPool-1 - Starting...
2025-05-20 14:16:57.328 | http-nio-8081-exec-1 | INFO  | com.zaxxer.hikari.pool.HikariPool - HikariPool-1 - Added connection com.mysql.cj.jdbc.ConnectionImpl@f730418
2025-05-20 14:16:57.329 | http-nio-8081-exec-1 | INFO  | com.zaxxer.hikari.HikariDataSource - HikariPool-1 - Start completed.
2025-05-20 14:16:57.386 | http-nio-8081-exec-1 | INFO  | com.llf.service.impl.OperateLogServiceImpl - 查询内容结果是:Page{count=true, pageNum=1, pageSize=15, startRow=0, endRow=15, total=83, pages=6, reasonable=false, pageSizeZero=false}[OperateLog(id=1, operateEmpName=null, operateTime=2025-05-11T16:07:19, className=com.llf.controller.LoginInfoController, methodName=login, methodParams=[Emp{id=null, username='shinaian', password='123456', name='null', gender=null, phone='null', job=null, salary=null, image='null', entryDate=null, deptId=null, createTime=null, updateTime=null, deptName='null', exprList=null}], returnValue=com.llf.pojo.Result@5496774b, costTime=13), OperateLog(id=2, operateEmpName=null, operateTime=2025-05-11T16:07:22, className=com.llf.controller.EmpController, methodName=allEmpList, methodParams=[], returnValue=com.llf.pojo.Result@7c561492, costTime=5), OperateLog(id=3, operateEmpName=null, operateTime=2025-05-11T16:07:22, className=com.llf.controller.ClazzController, methodName=getClazz, methodParams=[ClazzQueryParam{name='', begin=null, end=null, page=1, pageSize=10}], returnValue=com.llf.pojo.Result@1a67b87c, costTime=109), OperateLog(id=4, operateEmpName=null, operateTime=2025-05-11T16:07:23, className=com.llf.controller.ClazzController, methodName=list, methodParams=[], returnValue=com.llf.pojo.Result@57d98b8b, costTime=16), OperateLog(id=5, operateEmpName=null, operateTime=2025-05-11T16:07:24, className=com.llf.controller.StudentController, methodName=studentPage, methodParams=[StudentQueryParam(name=, degree=null, clazzId=null, page=1, pageSize=10)], returnValue=com.llf.pojo.Result@67f21bbd, costTime=50), OperateLog(id=6, operateEmpName=null, operateTime=2025-05-11T16:07:25, className=com.llf.controller.DeptController, methodName=list, methodParams=[], returnValue=com.llf.pojo.Result@43cd3174, costTime=8), OperateLog(id=7, operateEmpName=null, operateTime=2025-05-11T16:07:26, className=com.llf.controller.DeptController, methodName=list, methodParams=[], returnValue=com.llf.pojo.Result@26e84d85, costTime=6), OperateLog(id=8, operateEmpName=null, operateTime=2025-05-11T16:07:26, className=com.llf.controller.EmpController, methodName=page, methodParams=[EepQueryParam{name='', gender=null, begin=null, end=null, page=1, pageSize=10}], returnValue=com.llf.pojo.Result@dc32c8f, costTime=16), OperateLog(id=9, operateEmpName=null, operateTime=2025-05-11T16:07:29, className=com.llf.controller.ReportController, methodName=getEmpJobDate, methodParams=[], returnValue=com.llf.pojo.Result@48792a83, costTime=3), OperateLog(id=10, operateEmpName=null, operateTime=2025-05-11T16:07:29, className=com.llf.controller.ReportController, methodName=getEmpGenderData, methodParams=[], returnValue=com.llf.pojo.Result@71355f8, costTime=3), OperateLog(id=11, operateEmpName=null, operateTime=2025-05-11T16:07:32, className=com.llf.controller.ReportController, methodName=studentDegreeData, methodParams=[], returnValue=com.llf.pojo.Result@547ad727, costTime=2), OperateLog(id=12, operateEmpName=null, operateTime=2025-05-11T16:07:32, className=com.llf.controller.ReportController, methodName=studentCountData, methodParams=[], returnValue=com.llf.pojo.Result@47a8721b, costTime=3), OperateLog(id=13, operateEmpName=null, operateTime=2025-05-11T16:07:34, className=com.llf.controller.ReportController, methodName=studentCountData, methodParams=[], returnValue=com.llf.pojo.Result@35f76242, costTime=2), OperateLog(id=14, operateEmpName=null, operateTime=2025-05-11T16:07:34, className=com.llf.controller.ReportController, methodName=studentDegreeData, methodParams=[], returnValue=com.llf.pojo.Result@31c8a629, costTime=4), OperateLog(id=15, operateEmpName=null, operateTime=2025-05-11T16:08:18, className=com.llf.controller.ReportController, methodName=studentDegreeData, methodParams=[], returnValue=com.llf.pojo.Result@f07d80f, costTime=214)]
2025-05-20 14:16:57.433 | http-nio-8081-exec-1 | INFO  | com.llf.interceptor.TokenInterceptor - Interceptor请求处理完毕
2025-05-20 14:17:06.065 | http-nio-8081-exec-3 | INFO  | com.llf.interceptor.TokenInterceptor - Interceptor拦截到的id为:1
2025-05-20 14:17:06.065 | http-nio-8081-exec-2 | INFO  | com.llf.interceptor.TokenInterceptor - Interceptor拦截到的id为:1
2025-05-20 14:17:06.065 | http-nio-8081-exec-3 | INFO  | com.llf.interceptor.TokenInterceptor - Interceptor令牌合法，放行
2025-05-20 14:17:06.065 | http-nio-8081-exec-2 | INFO  | com.llf.interceptor.TokenInterceptor - Interceptor令牌合法，放行
2025-05-20 14:17:06.082 | http-nio-8081-exec-3 | INFO  | com.llf.aop.RecordTimeAspect - 方法Result com.llf.controller.EmpController.allEmpList()执行耗时:3ms
2025-05-20 14:17:06.084 | http-nio-8081-exec-3 | INFO  | com.llf.aop.RecordTimeAspect - 记录操作日志：OperateLog(id=null, operateEmpName=施耐庵, operateTime=2025-05-20T14:17:06.084935200, className=com.llf.controller.EmpController, methodName=allEmpList, methodParams=[], returnValue=com.llf.pojo.Result@555f9742, costTime=3)
2025-05-20 14:17:06.085 | http-nio-8081-exec-2 | INFO  | com.llf.controller.ClazzController - 查询的条件为:ClazzQueryParam{name='', begin=null, end=null, page=1, pageSize=10}
2025-05-20 14:17:06.096 | http-nio-8081-exec-3 | INFO  | com.llf.interceptor.TokenInterceptor - Interceptor请求处理完毕
2025-05-20 14:17:06.117 | http-nio-8081-exec-2 | INFO  | com.llf.service.impl.ClazzServiceImpl - 查询内容结果是:Page{count=true, pageNum=1, pageSize=10, startRow=0, endRow=10, total=5, pages=1, reasonable=false, pageSizeZero=false}[Clazz(id=3, name=嵌入式就业250期, room=110, beginDate=2024-06-15, endDate=2026-12-24, masterId=10, subject=6, createTime=2024-06-01T17:45:40, updateTime=2025-04-19T18:22:06, masterName=林冲, status=在读), Clazz(id=4, name=JavaEE就业166期, room=105, beginDate=2024-07-20, endDate=2024-02-20, masterId=20, subject=1, createTime=2024-06-01T17:46:10, updateTime=2024-06-01T17:46:10, masterName=阮小二, status=已结课), Clazz(id=5, name=大数据就业58期, room=209, beginDate=2024-08-01, endDate=2024-02-15, masterId=7, subject=3, createTime=2024-06-01T17:51:21, updateTime=2024-06-01T17:51:21, masterName=柴进, status=已结课), Clazz(id=8, name=Python就业10086期, room=101, beginDate=2023-06-01, endDate=2024-01-25, masterId=7, subject=1, createTime=2025-04-19T15:09:02, updateTime=2025-04-19T17:23:16, masterName=柴进, status=已结课), Clazz(id=9, name=JavaWeb就业版123期, room=2101, beginDate=2025-05-14, endDate=2027-06-30, masterId=null, subject=1, createTime=2025-05-13T14:15:13, updateTime=2025-05-13T14:15:13, masterName=null, status=在读)]
2025-05-20 14:17:06.120 | http-nio-8081-exec-2 | INFO  | com.llf.aop.RecordTimeAspect - 方法Result com.llf.controller.ClazzController.getClazz(ClazzQueryParam)执行耗时:35ms
2025-05-20 14:17:06.122 | http-nio-8081-exec-2 | INFO  | com.llf.aop.RecordTimeAspect - 记录操作日志：OperateLog(id=null, operateEmpName=施耐庵, operateTime=2025-05-20T14:17:06.122350900, className=com.llf.controller.ClazzController, methodName=getClazz, methodParams=[ClazzQueryParam{name='', begin=null, end=null, page=1, pageSize=10}], returnValue=com.llf.pojo.Result@21713da5, costTime=35)
2025-05-20 14:17:06.127 | http-nio-8081-exec-2 | INFO  | com.llf.interceptor.TokenInterceptor - Interceptor请求处理完毕
2025-05-20 14:17:06.795 | http-nio-8081-exec-4 | INFO  | com.llf.interceptor.TokenInterceptor - Interceptor拦截到的id为:1
2025-05-20 14:17:06.795 | http-nio-8081-exec-4 | INFO  | com.llf.interceptor.TokenInterceptor - Interceptor令牌合法，放行
2025-05-20 14:17:06.795 | http-nio-8081-exec-5 | INFO  | com.llf.interceptor.TokenInterceptor - Interceptor拦截到的id为:1
2025-05-20 14:17:06.795 | http-nio-8081-exec-5 | INFO  | com.llf.interceptor.TokenInterceptor - Interceptor令牌合法，放行
2025-05-20 14:17:06.800 | http-nio-8081-exec-5 | INFO  | com.llf.aop.RecordTimeAspect - 方法Result com.llf.controller.ClazzController.list()执行耗时:5ms
2025-05-20 14:17:06.801 | http-nio-8081-exec-5 | INFO  | com.llf.aop.RecordTimeAspect - 记录操作日志：OperateLog(id=null, operateEmpName=施耐庵, operateTime=2025-05-20T14:17:06.801546200, className=com.llf.controller.ClazzController, methodName=list, methodParams=[], returnValue=com.llf.pojo.Result@315eafbc, costTime=5)
2025-05-20 14:17:06.809 | http-nio-8081-exec-5 | INFO  | com.llf.interceptor.TokenInterceptor - Interceptor请求处理完毕
2025-05-20 14:17:06.821 | http-nio-8081-exec-4 | INFO  | com.llf.aop.RecordTimeAspect - 方法Result com.llf.controller.StudentController.studentPage(StudentQueryParam)执行耗时:25ms
2025-05-20 14:17:06.823 | http-nio-8081-exec-4 | INFO  | com.llf.aop.RecordTimeAspect - 记录操作日志：OperateLog(id=null, operateEmpName=施耐庵, operateTime=2025-05-20T14:17:06.823479200, className=com.llf.controller.StudentController, methodName=studentPage, methodParams=[StudentQueryParam(name=, degree=null, clazzId=null, page=1, pageSize=10)], returnValue=com.llf.pojo.Result@8f43f92, costTime=25)
2025-05-20 14:17:06.827 | http-nio-8081-exec-4 | INFO  | com.llf.interceptor.TokenInterceptor - Interceptor请求处理完毕
2025-05-20 14:17:08.269 | http-nio-8081-exec-6 | INFO  | com.llf.interceptor.TokenInterceptor - Interceptor拦截到的id为:1
2025-05-20 14:17:08.270 | http-nio-8081-exec-6 | INFO  | com.llf.interceptor.TokenInterceptor - Interceptor令牌合法，放行
2025-05-20 14:17:08.270 | http-nio-8081-exec-6 | INFO  | com.llf.controller.DeptController - 查询全部的部门数据
2025-05-20 14:17:08.279 | http-nio-8081-exec-6 | INFO  | com.llf.aop.RecordTimeAspect - 方法Result com.llf.controller.DeptController.list()执行耗时:9ms
2025-05-20 14:17:08.280 | http-nio-8081-exec-6 | INFO  | com.llf.aop.RecordTimeAspect - 记录操作日志：OperateLog(id=null, operateEmpName=施耐庵, operateTime=2025-05-20T14:17:08.280347900, className=com.llf.controller.DeptController, methodName=list, methodParams=[], returnValue=com.llf.pojo.Result@2b48700d, costTime=9)
2025-05-20 14:17:08.292 | http-nio-8081-exec-6 | INFO  | com.llf.interceptor.TokenInterceptor - Interceptor请求处理完毕
2025-05-20 14:17:08.800 | http-nio-8081-exec-7 | INFO  | com.llf.interceptor.TokenInterceptor - Interceptor拦截到的id为:1
2025-05-20 14:17:08.800 | http-nio-8081-exec-8 | INFO  | com.llf.interceptor.TokenInterceptor - Interceptor拦截到的id为:1
2025-05-20 14:17:08.800 | http-nio-8081-exec-7 | INFO  | com.llf.interceptor.TokenInterceptor - Interceptor令牌合法，放行
2025-05-20 14:17:08.800 | http-nio-8081-exec-8 | INFO  | com.llf.interceptor.TokenInterceptor - Interceptor令牌合法，放行
2025-05-20 14:17:08.800 | http-nio-8081-exec-8 | INFO  | com.llf.controller.DeptController - 查询全部的部门数据
2025-05-20 14:17:08.803 | http-nio-8081-exec-8 | INFO  | com.llf.aop.RecordTimeAspect - 方法Result com.llf.controller.DeptController.list()执行耗时:3ms
2025-05-20 14:17:08.805 | http-nio-8081-exec-8 | INFO  | com.llf.aop.RecordTimeAspect - 记录操作日志：OperateLog(id=null, operateEmpName=施耐庵, operateTime=2025-05-20T14:17:08.805884200, className=com.llf.controller.DeptController, methodName=list, methodParams=[], returnValue=com.llf.pojo.Result@791d5b6f, costTime=3)
2025-05-20 14:17:08.809 | http-nio-8081-exec-8 | INFO  | com.llf.interceptor.TokenInterceptor - Interceptor请求处理完毕
2025-05-20 14:17:08.810 | http-nio-8081-exec-7 | INFO  | com.llf.aop.RecordTimeAspect - 方法Result com.llf.controller.EmpController.page(EmpQueryParam)执行耗时:9ms
2025-05-20 14:17:08.812 | http-nio-8081-exec-7 | INFO  | com.llf.aop.RecordTimeAspect - 记录操作日志：OperateLog(id=null, operateEmpName=施耐庵, operateTime=2025-05-20T14:17:08.812396100, className=com.llf.controller.EmpController, methodName=page, methodParams=[EepQueryParam{name='', gender=null, begin=null, end=null, page=1, pageSize=10}], returnValue=com.llf.pojo.Result@566f0650, costTime=9)
2025-05-20 14:17:08.815 | http-nio-8081-exec-7 | INFO  | com.llf.interceptor.TokenInterceptor - Interceptor请求处理完毕
2025-05-20 14:17:10.137 | http-nio-8081-exec-9 | INFO  | com.llf.interceptor.TokenInterceptor - Interceptor拦截到的id为:1
2025-05-20 14:17:10.137 | http-nio-8081-exec-9 | INFO  | com.llf.interceptor.TokenInterceptor - Interceptor令牌合法，放行
2025-05-20 14:17:10.137 | http-nio-8081-exec-9 | INFO  | com.llf.controller.DeptController - 各个职位的人数
2025-05-20 14:17:10.137 | http-nio-8081-exec-10 | INFO  | com.llf.interceptor.TokenInterceptor - Interceptor拦截到的id为:1
2025-05-20 14:17:10.137 | http-nio-8081-exec-10 | INFO  | com.llf.interceptor.TokenInterceptor - Interceptor令牌合法，放行
2025-05-20 14:17:10.139 | http-nio-8081-exec-10 | INFO  | com.llf.aop.RecordTimeAspect - 方法Result com.llf.controller.ReportController.getEmpGenderData()执行耗时:2ms
2025-05-20 14:17:10.140 | http-nio-8081-exec-9 | INFO  | com.llf.aop.RecordTimeAspect - 方法Result com.llf.controller.ReportController.getEmpJobDate()执行耗时:3ms
2025-05-20 14:17:10.140 | http-nio-8081-exec-10 | INFO  | com.llf.aop.RecordTimeAspect - 记录操作日志：OperateLog(id=null, operateEmpName=施耐庵, operateTime=2025-05-20T14:17:10.140951900, className=com.llf.controller.ReportController, methodName=getEmpGenderData, methodParams=[], returnValue=com.llf.pojo.Result@6ede4041, costTime=2)
2025-05-20 14:17:10.140 | http-nio-8081-exec-9 | INFO  | com.llf.aop.RecordTimeAspect - 记录操作日志：OperateLog(id=null, operateEmpName=施耐庵, operateTime=2025-05-20T14:17:10.140951900, className=com.llf.controller.ReportController, methodName=getEmpJobDate, methodParams=[], returnValue=com.llf.pojo.Result@4d5738b8, costTime=3)
2025-05-20 14:17:10.143 | http-nio-8081-exec-10 | INFO  | com.llf.interceptor.TokenInterceptor - Interceptor请求处理完毕
2025-05-20 14:17:10.144 | http-nio-8081-exec-9 | INFO  | com.llf.interceptor.TokenInterceptor - Interceptor请求处理完毕
2025-05-20 14:17:11.030 | http-nio-8081-exec-1 | INFO  | com.llf.interceptor.TokenInterceptor - Interceptor拦截到的id为:1
2025-05-20 14:17:11.030 | http-nio-8081-exec-3 | INFO  | com.llf.interceptor.TokenInterceptor - Interceptor拦截到的id为:1
2025-05-20 14:17:11.030 | http-nio-8081-exec-1 | INFO  | com.llf.interceptor.TokenInterceptor - Interceptor令牌合法，放行
2025-05-20 14:17:11.030 | http-nio-8081-exec-3 | INFO  | com.llf.interceptor.TokenInterceptor - Interceptor令牌合法，放行
2025-05-20 14:17:11.033 | http-nio-8081-exec-3 | INFO  | com.llf.aop.RecordTimeAspect - 方法Result com.llf.controller.ReportController.studentDegreeData()执行耗时:3ms
2025-05-20 14:17:11.034 | http-nio-8081-exec-1 | INFO  | com.llf.aop.RecordTimeAspect - 方法Result com.llf.controller.ReportController.studentCountData()执行耗时:4ms
2025-05-20 14:17:11.035 | http-nio-8081-exec-3 | INFO  | com.llf.aop.RecordTimeAspect - 记录操作日志：OperateLog(id=null, operateEmpName=施耐庵, operateTime=2025-05-20T14:17:11.035537500, className=com.llf.controller.ReportController, methodName=studentDegreeData, methodParams=[], returnValue=com.llf.pojo.Result@1ea48c7b, costTime=3)
2025-05-20 14:17:11.035 | http-nio-8081-exec-1 | INFO  | com.llf.aop.RecordTimeAspect - 记录操作日志：OperateLog(id=null, operateEmpName=施耐庵, operateTime=2025-05-20T14:17:11.035537500, className=com.llf.controller.ReportController, methodName=studentCountData, methodParams=[], returnValue=com.llf.pojo.Result@7b4bfaa9, costTime=4)
2025-05-20 14:17:11.040 | http-nio-8081-exec-3 | INFO  | com.llf.interceptor.TokenInterceptor - Interceptor请求处理完毕
2025-05-20 14:17:11.040 | http-nio-8081-exec-1 | INFO  | com.llf.interceptor.TokenInterceptor - Interceptor请求处理完毕
2025-05-20 14:17:11.651 | http-nio-8081-exec-2 | INFO  | com.llf.interceptor.TokenInterceptor - Interceptor拦截到的id为:1
2025-05-20 14:17:11.651 | http-nio-8081-exec-2 | INFO  | com.llf.interceptor.TokenInterceptor - Interceptor令牌合法，放行
2025-05-20 14:17:11.657 | http-nio-8081-exec-2 | INFO  | com.llf.service.impl.OperateLogServiceImpl - 查询内容结果是:Page{count=true, pageNum=1, pageSize=15, startRow=0, endRow=15, total=94, pages=7, reasonable=false, pageSizeZero=false}[OperateLog(id=1, operateEmpName=null, operateTime=2025-05-11T16:07:19, className=com.llf.controller.LoginInfoController, methodName=login, methodParams=[Emp{id=null, username='shinaian', password='123456', name='null', gender=null, phone='null', job=null, salary=null, image='null', entryDate=null, deptId=null, createTime=null, updateTime=null, deptName='null', exprList=null}], returnValue=com.llf.pojo.Result@5496774b, costTime=13), OperateLog(id=2, operateEmpName=null, operateTime=2025-05-11T16:07:22, className=com.llf.controller.EmpController, methodName=allEmpList, methodParams=[], returnValue=com.llf.pojo.Result@7c561492, costTime=5), OperateLog(id=3, operateEmpName=null, operateTime=2025-05-11T16:07:22, className=com.llf.controller.ClazzController, methodName=getClazz, methodParams=[ClazzQueryParam{name='', begin=null, end=null, page=1, pageSize=10}], returnValue=com.llf.pojo.Result@1a67b87c, costTime=109), OperateLog(id=4, operateEmpName=null, operateTime=2025-05-11T16:07:23, className=com.llf.controller.ClazzController, methodName=list, methodParams=[], returnValue=com.llf.pojo.Result@57d98b8b, costTime=16), OperateLog(id=5, operateEmpName=null, operateTime=2025-05-11T16:07:24, className=com.llf.controller.StudentController, methodName=studentPage, methodParams=[StudentQueryParam(name=, degree=null, clazzId=null, page=1, pageSize=10)], returnValue=com.llf.pojo.Result@67f21bbd, costTime=50), OperateLog(id=6, operateEmpName=null, operateTime=2025-05-11T16:07:25, className=com.llf.controller.DeptController, methodName=list, methodParams=[], returnValue=com.llf.pojo.Result@43cd3174, costTime=8), OperateLog(id=7, operateEmpName=null, operateTime=2025-05-11T16:07:26, className=com.llf.controller.DeptController, methodName=list, methodParams=[], returnValue=com.llf.pojo.Result@26e84d85, costTime=6), OperateLog(id=8, operateEmpName=null, operateTime=2025-05-11T16:07:26, className=com.llf.controller.EmpController, methodName=page, methodParams=[EepQueryParam{name='', gender=null, begin=null, end=null, page=1, pageSize=10}], returnValue=com.llf.pojo.Result@dc32c8f, costTime=16), OperateLog(id=9, operateEmpName=null, operateTime=2025-05-11T16:07:29, className=com.llf.controller.ReportController, methodName=getEmpJobDate, methodParams=[], returnValue=com.llf.pojo.Result@48792a83, costTime=3), OperateLog(id=10, operateEmpName=null, operateTime=2025-05-11T16:07:29, className=com.llf.controller.ReportController, methodName=getEmpGenderData, methodParams=[], returnValue=com.llf.pojo.Result@71355f8, costTime=3), OperateLog(id=11, operateEmpName=null, operateTime=2025-05-11T16:07:32, className=com.llf.controller.ReportController, methodName=studentDegreeData, methodParams=[], returnValue=com.llf.pojo.Result@547ad727, costTime=2), OperateLog(id=12, operateEmpName=null, operateTime=2025-05-11T16:07:32, className=com.llf.controller.ReportController, methodName=studentCountData, methodParams=[], returnValue=com.llf.pojo.Result@47a8721b, costTime=3), OperateLog(id=13, operateEmpName=null, operateTime=2025-05-11T16:07:34, className=com.llf.controller.ReportController, methodName=studentCountData, methodParams=[], returnValue=com.llf.pojo.Result@35f76242, costTime=2), OperateLog(id=14, operateEmpName=null, operateTime=2025-05-11T16:07:34, className=com.llf.controller.ReportController, methodName=studentDegreeData, methodParams=[], returnValue=com.llf.pojo.Result@31c8a629, costTime=4), OperateLog(id=15, operateEmpName=null, operateTime=2025-05-11T16:08:18, className=com.llf.controller.ReportController, methodName=studentDegreeData, methodParams=[], returnValue=com.llf.pojo.Result@f07d80f, costTime=214)]
2025-05-20 14:17:11.658 | http-nio-8081-exec-2 | INFO  | com.llf.interceptor.TokenInterceptor - Interceptor请求处理完毕
2025-05-20 15:22:11.357 | SpringApplicationShutdownHook | INFO  | com.zaxxer.hikari.HikariDataSource - HikariPool-1 - Shutdown initiated...
2025-05-20 15:22:11.360 | SpringApplicationShutdownHook | INFO  | com.zaxxer.hikari.HikariDataSource - HikariPool-1 - Shutdown completed.
